<?xml version="1.0" encoding="UTF-8"?>
<Site BuildName="(empty)"
	BuildStamp="20210524-1428-Experimental"
	Name="(empty)"
	Generator="ctest-3.20.2"
	CompilerName=""
	CompilerVersion=""
	OSName="Windows"
	Hostname="DESKTOP-F53KT4A"
	OSRelease=" Professional"
	OSVersion=" (Build 19042)"
	OSPlatform="AMD64"
	Is64Bits="1"
	VendorString="AuthenticAMD"
	VendorID="Advanced Micro Devices"
	FamilyID="15"
	ModelID="1"
	ProcessorCacheSize="64"
	NumberOfLogicalCPU="16"
	NumberOfPhysicalCPU="8"
	TotalVirtualMemory="42713"
	TotalPhysicalMemory="32713"
	LogicalProcessorsPerPhysical="2"
	ProcessorClockFrequency="3593"
	>
	<Testing>
		<StartDateTime>May 24 16:46 Central European Daylight Time</StartDateTime>
		<StartTestTime>1621867611</StartTestTime>
		<TestList>
			<Test>./test/ExampleTest</Test>
		</TestList>
		<Test Status="passed">
			<Name>ExampleTest</Name>
			<Path>./test</Path>
			<FullName>./test/ExampleTest</FullName>
			<FullCommandLine>C:\Users\aborb\Documents\GitHub\Nokia-Summer-Trainee\test\Example\build\test\Debug\ExampleTest.exe</FullCommandLine>
			<Results>
				<NamedMeasurement type="numeric/double" name="Execution Time">
					<Value>0.0299807</Value>
				</NamedMeasurement>
				<NamedMeasurement type="numeric/double" name="Processors">
					<Value>1</Value>
				</NamedMeasurement>
				<NamedMeasurement type="text/string" name="Completion Status">
					<Value>Completed</Value>
				</NamedMeasurement>
				<NamedMeasurement type="text/string" name="Command Line">
					<Value>C:\Users\aborb\Documents\GitHub\Nokia-Summer-Trainee\test\Example\build\test\Debug\ExampleTest.exe</Value>
				</NamedMeasurement>
				<NamedMeasurement type="text/string" name="Environment">
					<Value>#CTEST_RESOURCE_GROUP_COUNT=</Value>
				</NamedMeasurement>
				<Measurement>
					<Value encoding="base64" compression="gzip">eJyNUMtOwzAQvPsr9tgcbAFHJA5VWxUJUVDSnuIIOWGJLGK7+AF8PnEcRQTRqnNa74xnZzcPWkvdghJSLzJ4s0bB6pYfHFrHRW1szdemCQq1d3wr/X2o+c68S0GLoBRaurf9T0Tu0Xm++Rbq2CFvjWk7HFq/Smcb3sbqJU5jTUPKuwkV5GOUG4gal7JcDw9wQXpkpKQTKth2phZd4lF/Smt0jAkOPQ3HP+KZ6RhzHzukhPywgwHVjGGPy1XPJjw9/MPC4gqUy85YFB9BWDzjkgST0UWRkxq88aLLyGVH8SgsfTVfen7zk7cGKzSbD+qXeF4WxWYdtxw/MvID0YK5Dg==</Value>
				</Measurement>
			</Results>
		</Test>
		<EndDateTime>May 24 16:46 Central European Daylight Time</EndDateTime>
		<EndTestTime>1621867611</EndTestTime>
		<ElapsedMinutes>0</ElapsedMinutes>
	</Testing>
</Site>
