<?xml version="1.0" encoding="UTF-8"?>
<Site BuildName="(empty)"
	BuildStamp="20210524-1608-Experimental"
	Name="(empty)"
	Generator="ctest-3.20.2"
	CompilerName=""
	CompilerVersion=""
	OSName="Windows"
	Hostname="DESKTOP-F53KT4A"
	OSRelease=" Professional"
	OSVersion=" (Build 19042)"
	OSPlatform="AMD64"
	Is64Bits="1"
	VendorString="AuthenticAMD"
	VendorID="Advanced Micro Devices"
	FamilyID="15"
	ModelID="1"
	ProcessorCacheSize="64"
	NumberOfLogicalCPU="16"
	NumberOfPhysicalCPU="8"
	TotalVirtualMemory="42713"
	TotalPhysicalMemory="32713"
	LogicalProcessorsPerPhysical="2"
	ProcessorClockFrequency="3593"
	>
	<Testing>
		<StartDateTime>May 24 18:15 Central European Daylight Time</StartDateTime>
		<StartTestTime>1621872950</StartTestTime>
		<TestList>
			<Test>./test/calc-test</Test>
		</TestList>
		<Test Status="passed">
			<Name>calc-test</Name>
			<Path>./test</Path>
			<FullName>./test/calc-test</FullName>
			<FullCommandLine>C:\Users\aborb\Documents\GitHub\Nokia-Summer-Trainee\test\RPN_calculator\build\test\Debug\calc-test.exe</FullCommandLine>
			<Results>
				<NamedMeasurement type="numeric/double" name="Execution Time">
					<Value>0.0329098</Value>
				</NamedMeasurement>
				<NamedMeasurement type="numeric/double" name="Processors">
					<Value>1</Value>
				</NamedMeasurement>
				<NamedMeasurement type="text/string" name="Completion Status">
					<Value>Completed</Value>
				</NamedMeasurement>
				<NamedMeasurement type="text/string" name="Command Line">
					<Value>C:\Users\aborb\Documents\GitHub\Nokia-Summer-Trainee\test\RPN_calculator\build\test\Debug\calc-test.exe</Value>
				</NamedMeasurement>
				<NamedMeasurement type="text/string" name="Environment">
					<Value>#CTEST_RESOURCE_GROUP_COUNT=</Value>
				</NamedMeasurement>
				<Measurement>
					<Value encoding="base64" compression="gzip">eJyNUE1PhDAQvfMr5rgcIOrRxINxzZqYsBtwT5SQUkfS2I/NtNW/L4UVxUj0naZ9b968mTIYI00PmkuzSeGFrIa7a3Z0SI7xzlLHtlYEjcY7tpP+IXSssK+SZ1XQGil7oqETkXl0npWHohVciaC4t8R6a3uFI/OtdCRYH6s2Ds2FSOqbGQ2U50RXEDVuinQ5PsAF6TFP6mxGAztlO64mHs2bJGtiWnDos3D6IV6YxqRtfCc1lMcCRjRf37l0RdAd0sBP2D/+ysPmArRL1232J6R4kXWjT8Vs9XfqSQreeq7S5H9H8cgpe7bvZnnz1VsDcZMvBw0rHG6r6n4blzw35skHOne9Aw==</Value>
				</Measurement>
			</Results>
		</Test>
		<EndDateTime>May 24 18:15 Central European Daylight Time</EndDateTime>
		<EndTestTime>1621872950</EndTestTime>
		<ElapsedMinutes>0</ElapsedMinutes>
	</Testing>
</Site>
