Start testing: May 24 16:46 Central European Daylight Time
----------------------------------------------------------
1/1 Testing: ExampleTest
1/1 Test: ExampleTest
Command: "C:/Users/aborb/Documents/GitHub/Nokia-Summer-Trainee/test/Example/build/test/Debug/ExampleTest.exe"
Directory: C:/Users/aborb/Documents/GitHub/Nokia-Summer-Trainee/test/Example/build/test
"ExampleTest" start time: May 24 16:46 Central European Daylight Time
Output:
----------------------------------------------------------
Running main() from C:\Users\aborb\Documents\GitHub\Nokia-Summer-Trainee\test\Example\googletest\googletest\src\gtest_main.cc
[==========] Running 2 tests from 1 test suite.
[----------] Global test environment set-up.
[----------] 2 tests from ExampleTests
[ RUN      ] ExampleTests.MAC
[       OK ] ExampleTests.MAC (0 ms)
[ RUN      ] ExampleTests.Square
[       OK ] ExampleTests.Square (0 ms)
[----------] 2 tests from ExampleTests (0 ms total)

[----------] Global test environment tear-down
[==========] 2 tests from 1 test suite ran. (0 ms total)
[  PASSED  ] 2 tests.
<end of output>
Test time =   0.03 sec
----------------------------------------------------------
Test Passed.
"ExampleTest" end time: May 24 16:46 Central European Daylight Time
"ExampleTest" time elapsed: 00:00:00
----------------------------------------------------------

End testing: May 24 16:46 Central European Daylight Time
